09:12:48.433 [debug] [args: %{"customer" => %{"dateOfBirth" => "2000-10-22", "email" => "amu1000@gmail.com", "firstName" => "Hataluli", "idNumber" => "5811111121211", "lastName" => "Randima", "phoneNumber" => "0727941660"}}, attempt: 1, event: "job:start", id: 16, max_attempts: 2, meta: %{"deps" => [], "name" => "a", "workflow_id" => "018d3f76-d315-7eef-b785-3baa18298f38"}, queue: "valid", source: "oban", system_time: 1706166768433617666, tags: ["customer", "validation"], worker: "BAC.Workers.CustomerValidatorWorkerPro"]
09:12:48.437 [debug] [args: %{"customer" => %{"dateOfBirth" => "2000-10-22", "email" => "amu1000@gmail.com", "firstName" => "Hataluli", "idNumber" => "5811111121211", "lastName" => "Randima", "phoneNumber" => "0727941660"}}, attempt: 1, event: "job:start", id: 17, max_attempts: 3, meta: %{"deps" => ["a"], "name" => "b", "recorded" => true, "workflow_id" => "018d3f76-d315-7eef-b785-3baa18298f38"}, queue: "events", source: "oban", system_time: 1706166768437324941, tags: ["customer", "email"], worker: "BAC.Workers.CreateCustomerV2WorkerPro"]
09:12:48.437 [debug] [args: %{"customer" => %{"dateOfBirth" => "2000-10-22", "email" => "amu1000@gmail.com", "firstName" => "Hataluli", "idNumber" => "5811111121211", "lastName" => "Randima", "phoneNumber" => "0727941660"}}, attempt: 1, event: "job:start", id: 18, max_attempts: 3, meta: %{"deps" => ["b"], "name" => "c", "uniq_key" => 63018925, "workflow_id" => "018d3f76-d315-7eef-b785-3baa18298f38"}, queue: "events", source: "oban", system_time: 1706166768437475632, tags: ["customer", "email"], worker: "BAC.Workers.EmailjobPro1"]
09:12:48.442 [debug] [args: %{"customer" => %{"dateOfBirth" => "2000-10-22", "email" => "amu1000@gmail.com", "firstName" => "Hataluli", "idNumber" => "5811111121211", "lastName" => "Randima", "phoneNumber" => "0727941660"}}, attempt: 1, duration: 9201, event: "job:stop", id: 16, max_attempts: 2, meta: %{"deps" => [], "name" => "a", "workflow_id" => "018d3f76-d315-7eef-b785-3baa18298f38"}, queue: "valid", queue_time: 23452, source: "oban", state: :success, tags: ["customer", "validation"], worker: "BAC.Workers.CustomerValidatorWorkerPro"]
09:12:48.457 [debug] [args: %{"body" => "You have suscceful verified your account amu1000@gmail.com !!!", "subject" => "Customer Verification", "to" => "amu1000@gmail.com"}, attempt: 1, event: "job:start", id: 19, max_attempts: 3, meta: %{"uniq_key" => 66969794}, queue: "events", source: "oban", system_time: 1706166768457470282, tags: ["customer", "email"], worker: "BAC.Workers.Emailjob"]
09:12:48.457 [info] Job id: 19 | Job attempted at: ~U[2024-01-25 07:12:48.454086Z]| Job state: "executing" | Job queue: "events" | amu1000@gmail.com | executing | 1
09:12:48.458 [debug] Sending email with Bamboo.LocalAdapter:

%Bamboo.Email{from: {nil, "bacsupport@gmail.com"}, to: [nil: "amu1000@gmail.com"], cc: [], bcc: [], subject: "Customer Verification", html_body: nil, text_body: "You have suscceful verified your account amu1000@gmail.com !!!", headers: %{}, attachments: [], assigns: %{}, private: %{}, blocked: false}

09:12:48.458 [debug] [args: %{"body" => "You have suscceful verified your account amu1000@gmail.com !!!", "subject" => "Customer Verification", "to" => "amu1000@gmail.com"}, attempt: 1, duration: 730, event: "job:stop", id: 19, max_attempts: 3, meta: %{"uniq_key" => 66969794}, queue: "events", queue_time: 19554, source: "oban", state: :success, tags: ["customer", "email"], worker: "BAC.Workers.Emailjob"]
09:12:49.444 [debug] QUERY OK source="customers" db=0.6ms queue=0.1ms idle=1004.4ms
SELECT c0."id", c0."status", c0."email", c0."firstName", c0."lastName", c0."phoneNumber", c0."dateOfBirth", c0."idNumber", c0."inserted_at", c0."updated_at" FROM "customers" AS c0 WHERE (c0."email" = $1) ["amu1000@gmail.com"]
[90m↳ BAC.Workers.CreateCustomerV2WorkerPro.check_email/1, at: lib/bAC/workers/create_customer_v2_worker_pro.ex:56[0m
09:12:49.454 [info] oban-jobs, error, id: 17
09:12:49.455 [debug] [args: %{"customer" => %{"dateOfBirth" => "2000-10-22", "email" => "amu1000@gmail.com", "firstName" => "Hataluli", "idNumber" => "5811111121211", "lastName" => "Randima", "phoneNumber" => "0727941660"}}, attempt: 1, duration: 1017299, error: "** (Oban.PerformError) BAC.Workers.CreateCustomerV2WorkerPro failed with {:error, \"Email already exists.\"}", event: "job:exception", id: 17, max_attempts: 3, meta: %{"deps" => ["a"], "name" => "b", "recorded" => true, "workflow_id" => "018d3f76-d315-7eef-b785-3baa18298f38"}, queue: "events", queue_time: 28149, source: "oban", state: :failure, tags: ["customer", "email"], worker: "BAC.Workers.CreateCustomerV2WorkerPro"]
09:12:49.472 [debug] [args: %{"body" => "You verification failedyour account amu1000@gmail.com and Email already exists. !!!", "subject" => "Account  registation failed", "to" => "amu1000@gmail.com"}, attempt: 1, event: "job:start", id: 20, max_attempts: 3, meta: %{"uniq_key" => 113472084}, queue: "events", source: "oban", system_time: 1706166769472498800, tags: ["customer", "email"], worker: "BAC.Workers.Emailjob"]
09:12:49.473 [info] Job id: 20 | Job attempted at: ~U[2024-01-25 07:12:49.468335Z]| Job state: "executing" | Job queue: "events" | amu1000@gmail.com | executing | 1
09:12:49.473 [debug] Sending email with Bamboo.LocalAdapter:

%Bamboo.Email{from: {nil, "bacsupport@gmail.com"}, to: [nil: "amu1000@gmail.com"], cc: [], bcc: [], subject: "Account  registation failed", html_body: nil, text_body: "You verification failedyour account amu1000@gmail.com and Email already exists. !!!", headers: %{}, attachments: [], assigns: %{}, private: %{}, blocked: false}

09:12:49.473 [debug] [args: %{"body" => "You verification failedyour account amu1000@gmail.com and Email already exists. !!!", "subject" => "Account  registation failed", "to" => "amu1000@gmail.com"}, attempt: 1, duration: 817, event: "job:stop", id: 20, max_attempts: 3, meta: %{"uniq_key" => 113472084}, queue: "events", queue_time: 23584, source: "oban", state: :success, tags: ["customer", "email"], worker: "BAC.Workers.Emailjob"]
09:12:50.446 [debug] [args: %{"customer" => %{"dateOfBirth" => "2000-10-22", "email" => "amu1000@gmail.com", "firstName" => "Hataluli", "idNumber" => "5811111121211", "lastName" => "Randima", "phoneNumber" => "0727941660"}}, attempt: 1, duration: 2008406, event: "job:stop", id: 18, max_attempts: 3, meta: %{"deps" => ["b"], "name" => "c", "uniq_key" => 63018925, "workflow_id" => "018d3f76-d315-7eef-b785-3baa18298f38"}, queue: "events", queue_time: 28149, source: "oban", state: :snoozed, tags: ["customer", "email"], worker: "BAC.Workers.EmailjobPro1"]
09:13:08.284 [debug] [args: %{"customer" => %{"dateOfBirth" => "2000-10-22", "email" => "amu1000@gmail.com", "firstName" => "Hataluli", "idNumber" => "5811111121211", "lastName" => "Randima", "phoneNumber" => "0727941660"}}, attempt: 1, event: "job:start", id: 18, max_attempts: 3, meta: %{"deps" => ["b"], "name" => "c", "snoozed" => 1, "uniq_key" => 63018925, "workflow_id" => "018d3f76-d315-7eef-b785-3baa18298f38"}, queue: "events", source: "oban", system_time: 1706166788284257337, tags: ["customer", "email"], worker: "BAC.Workers.EmailjobPro1"]
09:13:08.284 [debug] [args: %{"customer" => %{"dateOfBirth" => "2000-10-22", "email" => "amu1000@gmail.com", "firstName" => "Hataluli", "idNumber" => "5811111121211", "lastName" => "Randima", "phoneNumber" => "0727941660"}}, attempt: 2, event: "job:start", id: 17, max_attempts: 3, meta: %{"deps" => ["a"], "name" => "b", "recorded" => true, "workflow_id" => "018d3f76-d315-7eef-b785-3baa18298f38"}, queue: "events", source: "oban", system_time: 1706166788284339453, tags: ["customer", "email"], worker: "BAC.Workers.CreateCustomerV2WorkerPro"]
09:13:08.288 [debug] QUERY OK source="customers" db=1.5ms idle=1069.3ms
SELECT c0."id", c0."status", c0."email", c0."firstName", c0."lastName", c0."phoneNumber", c0."dateOfBirth", c0."idNumber", c0."inserted_at", c0."updated_at" FROM "customers" AS c0 WHERE (c0."email" = $1) ["amu1000@gmail.com"]
[90m↳ BAC.Workers.CreateCustomerV2WorkerPro.check_email/1, at: lib/bAC/workers/create_customer_v2_worker_pro.ex:56[0m
09:13:08.293 [info] oban-jobs, error, id: 17
09:13:08.294 [debug] [args: %{"customer" => %{"dateOfBirth" => "2000-10-22", "email" => "amu1000@gmail.com", "firstName" => "Hataluli", "idNumber" => "5811111121211", "lastName" => "Randima", "phoneNumber" => "0727941660"}}, attempt: 2, duration: 9141, error: "** (Oban.PerformError) BAC.Workers.CreateCustomerV2WorkerPro failed with {:error, \"Email already exists.\"}", event: "job:exception", id: 17, max_attempts: 3, meta: %{"deps" => ["a"], "name" => "b", "recorded" => true, "workflow_id" => "018d3f76-d315-7eef-b785-3baa18298f38"}, queue: "events", queue_time: 780709, source: "oban", state: :failure, tags: ["customer", "email"], worker: "BAC.Workers.CreateCustomerV2WorkerPro"]
09:13:09.289 [debug] [args: %{"customer" => %{"dateOfBirth" => "2000-10-22", "email" => "amu1000@gmail.com", "firstName" => "Hataluli", "idNumber" => "5811111121211", "lastName" => "Randima", "phoneNumber" => "0727941660"}}, attempt: 1, duration: 1005374, event: "job:stop", id: 18, max_attempts: 3, meta: %{"deps" => ["b"], "name" => "c", "snoozed" => 1, "uniq_key" => 63018925, "workflow_id" => "018d3f76-d315-7eef-b785-3baa18298f38"}, queue: "events", queue_time: 789471, source: "oban", state: :snoozed, tags: ["customer", "email"], worker: "BAC.Workers.EmailjobPro1"]
09:13:28.348 [debug] [args: %{"customer" => %{"dateOfBirth" => "2000-10-22", "email" => "amu1000@gmail.com", "firstName" => "Hataluli", "idNumber" => "5811111121211", "lastName" => "Randima", "phoneNumber" => "0727941660"}}, attempt: 1, event: "job:start", id: 18, max_attempts: 3, meta: %{"deps" => ["b"], "name" => "c", "snoozed" => 2, "uniq_key" => 63018925, "workflow_id" => "018d3f76-d315-7eef-b785-3baa18298f38"}, queue: "events", source: "oban", system_time: 1706166808348765482, tags: ["customer", "email"], worker: "BAC.Workers.EmailjobPro1"]
09:13:28.348 [debug] [args: %{"customer" => %{"dateOfBirth" => "2000-10-22", "email" => "amu1000@gmail.com", "firstName" => "Hataluli", "idNumber" => "5811111121211", "lastName" => "Randima", "phoneNumber" => "0727941660"}}, attempt: 3, event: "job:start", id: 17, max_attempts: 3, meta: %{"deps" => ["a"], "name" => "b", "recorded" => true, "workflow_id" => "018d3f76-d315-7eef-b785-3baa18298f38"}, queue: "events", source: "oban", system_time: 1706166808348896457, tags: ["customer", "email"], worker: "BAC.Workers.CreateCustomerV2WorkerPro"]
09:13:28.351 [debug] QUERY OK source="customers" db=1.0ms idle=831.7ms
SELECT c0."id", c0."status", c0."email", c0."firstName", c0."lastName", c0."phoneNumber", c0."dateOfBirth", c0."idNumber", c0."inserted_at", c0."updated_at" FROM "customers" AS c0 WHERE (c0."email" = $1) ["amu1000@gmail.com"]
[90m↳ BAC.Workers.CreateCustomerV2WorkerPro.check_email/1, at: lib/bAC/workers/create_customer_v2_worker_pro.ex:56[0m
09:13:28.354 [info] oban-jobs, discard, id: 17
09:13:28.354 [debug] [args: %{"customer" => %{"dateOfBirth" => "2000-10-22", "email" => "amu1000@gmail.com", "firstName" => "Hataluli", "idNumber" => "5811111121211", "lastName" => "Randima", "phoneNumber" => "0727941660"}}, attempt: 3, duration: 5422, error: "** (Oban.PerformError) BAC.Workers.CreateCustomerV2WorkerPro failed with {:error, \"Email already exists.\"}", event: "job:exception", id: 17, max_attempts: 3, meta: %{"deps" => ["a"], "name" => "b", "recorded" => true, "workflow_id" => "018d3f76-d315-7eef-b785-3baa18298f38"}, queue: "events", queue_time: 51647, source: "oban", state: :discard, tags: ["customer", "email"], worker: "BAC.Workers.CreateCustomerV2WorkerPro"]
09:13:29.352 [debug] [args: %{"customer" => %{"dateOfBirth" => "2000-10-22", "email" => "amu1000@gmail.com", "firstName" => "Hataluli", "idNumber" => "5811111121211", "lastName" => "Randima", "phoneNumber" => "0727941660"}}, attempt: 1, duration: 1003252, event: "job:stop", id: 18, max_attempts: 3, meta: %{"deps" => ["b"], "name" => "c", "snoozed" => 2, "uniq_key" => 63018925, "workflow_id" => "018d3f76-d315-7eef-b785-3baa18298f38"}, queue: "events", queue_time: 55644, source: "oban", state: :cancelled, tags: ["customer", "email"], worker: "BAC.Workers.EmailjobPro1"]
09:14:47.928 [debug] HANDLE EVENT "resume-refresh" in Oban.Web.DashboardLive
  Component: Oban.Web.Live.Refresh
  Parameters: %{}
09:14:47.928 [debug] Replied in 323µs
09:14:50.115 [info] GET /dev/oban/queues
09:14:50.115 [debug] Processing with Oban.Web.DashboardLive.index/2
  Parameters: %{"page" => "queues", "sort_by" => "rate_limit", "sort_dir" => "desc"}
  Pipelines: [:browser]
09:14:50.118 [info] Sent 200 in 3ms
09:14:50.556 [info] CONNECTED TO Phoenix.LiveView.Socket in 31µs
  Transport: :websocket
  Serializer: Phoenix.Socket.V2.JSONSerializer
  Parameters: %{"_csrf_token" => "e3IaWzlHKhRCXBF9AUA2BDQ1P08kWSUAOAp6utK_69F3t8APywO-h0dc", "_live_referer" => "undefined", "_mounts" => "0", "init_state" => %{"oban:chart-group" => "queue", "oban:chart-ntile" => "sum", "oban:chart-period" => "1s", "oban:chart-series" => "exec_count", "oban:chart-visible" => "true", "oban:refresh" => "1"}, "vsn" => "2.0.0"}
09:14:50.560 [debug] MOUNT Oban.Web.DashboardLive
  Parameters: %{"page" => "queues", "sort_by" => "rate_limit", "sort_dir" => "desc"}
  Session: %{"_csrf_token" => "43jmL3aKteWNuxwTMBpbLiAc", "access" => :all, "csp_nonces" => %{img: nil, script: nil, style: nil}, "live_path" => "/live", "live_transport" => "websocket", "oban" => Oban, "prefix" => "/dev/oban", "refresh" => 1, "resolver" => Oban.Web.Resolver, "user" => nil}
09:14:50.560 [debug] Replied in 998µs
09:14:50.561 [debug] HANDLE PARAMS in Oban.Web.DashboardLive
  Parameters: %{"page" => "queues", "sort_by" => "rate_limit", "sort_dir" => "desc"}
09:14:50.561 [debug] Replied in 704µs
09:14:54.387 [debug] MOUNT Oban.Web.DashboardLive
  Parameters: %{"page" => "jobs"}
  Session: %{"_csrf_token" => "43jmL3aKteWNuxwTMBpbLiAc", "access" => :all, "csp_nonces" => %{img: nil, script: nil, style: nil}, "live_path" => "/live", "live_transport" => "websocket", "oban" => Oban, "prefix" => "/dev/oban", "refresh" => 1, "resolver" => Oban.Web.Resolver, "user" => nil}
09:14:54.387 [debug] Replied in 363µs
09:14:54.387 [debug] HANDLE PARAMS in Oban.Web.DashboardLive
  Parameters: %{"page" => "jobs"}
09:14:54.390 [debug] Replied in 3ms
09:15:01.880 [debug] HANDLE PARAMS in Oban.Web.DashboardLive
  Parameters: %{"page" => "jobs", "state" => "completed"}
09:15:01.887 [debug] Replied in 7ms
09:15:21.307 [debug] [args: %{"customer" => %{"dateOfBirth" => "2000-10-22", "email" => "amu1000@gmail.com", "firstName" => "Hataluli", "idNumber" => "5811111121211", "lastName" => "Randima", "phoneNumber" => "0727941660"}}, attempt: 1, event: "job:start", id: 21, max_attempts: 2, meta: %{"deps" => [], "name" => "a", "workflow_id" => "018d3f79-2846-7357-8e17-95e521dd11bc"}, queue: "valid", source: "oban", system_time: 1706166921307779813, tags: ["customer", "validation"], worker: "BAC.Workers.CustomerValidatorWorkerPro"]
09:15:21.312 [debug] [args: %{"customer" => %{"dateOfBirth" => "2000-10-22", "email" => "amu1000@gmail.com", "firstName" => "Hataluli", "idNumber" => "5811111121211", "lastName" => "Randima", "phoneNumber" => "0727941660"}}, attempt: 1, event: "job:start", id: 22, max_attempts: 3, meta: %{"deps" => ["a"], "name" => "b", "recorded" => true, "workflow_id" => "018d3f79-2846-7357-8e17-95e521dd11bc"}, queue: "events", source: "oban", system_time: 1706166921312199055, tags: ["customer", "email"], worker: "BAC.Workers.CreateCustomerV2WorkerPro"]
09:15:21.312 [debug] [args: %{"customer" => %{"dateOfBirth" => "2000-10-22", "email" => "amu1000@gmail.com", "firstName" => "Hataluli", "idNumber" => "5811111121211", "lastName" => "Randima", "phoneNumber" => "0727941660"}}, attempt: 1, event: "job:start", id: 23, max_attempts: 3, meta: %{"deps" => ["b"], "name" => "c", "uniq_key" => 63018925, "workflow_id" => "018d3f79-2846-7357-8e17-95e521dd11bc"}, queue: "events", source: "oban", system_time: 1706166921312319522, tags: ["customer", "email"], worker: "BAC.Workers.EmailjobPro1"]
09:15:21.315 [debug] [args: %{"customer" => %{"dateOfBirth" => "2000-10-22", "email" => "amu1000@gmail.com", "firstName" => "Hataluli", "idNumber" => "5811111121211", "lastName" => "Randima", "phoneNumber" => "0727941660"}}, attempt: 1, duration: 7984, event: "job:stop", id: 21, max_attempts: 2, meta: %{"deps" => [], "name" => "a", "workflow_id" => "018d3f79-2846-7357-8e17-95e521dd11bc"}, queue: "valid", queue_time: 17396, source: "oban", state: :success, tags: ["customer", "validation"], worker: "BAC.Workers.CustomerValidatorWorkerPro"]
09:15:21.330 [debug] [args: %{"body" => "You have suscceful verified your account amu1000@gmail.com !!!", "subject" => "Customer Verification", "to" => "amu1000@gmail.com"}, attempt: 1, event: "job:start", id: 24, max_attempts: 3, meta: %{"uniq_key" => 66969794}, queue: "events", source: "oban", system_time: 1706166921330371755, tags: ["customer", "email"], worker: "BAC.Workers.Emailjob"]
09:15:21.330 [info] Job id: 24 | Job attempted at: ~U[2024-01-25 07:15:21.326977Z]| Job state: "executing" | Job queue: "events" | amu1000@gmail.com | executing | 1
09:15:21.330 [debug] Sending email with Bamboo.LocalAdapter:

%Bamboo.Email{from: {nil, "bacsupport@gmail.com"}, to: [nil: "amu1000@gmail.com"], cc: [], bcc: [], subject: "Customer Verification", html_body: nil, text_body: "You have suscceful verified your account amu1000@gmail.com !!!", headers: %{}, attachments: [], assigns: %{}, private: %{}, blocked: false}

09:15:21.331 [debug] [args: %{"body" => "You have suscceful verified your account amu1000@gmail.com !!!", "subject" => "Customer Verification", "to" => "amu1000@gmail.com"}, attempt: 1, duration: 704, event: "job:stop", id: 24, max_attempts: 3, meta: %{"uniq_key" => 66969794}, queue: "events", queue_time: 18339, source: "oban", state: :success, tags: ["customer", "email"], worker: "BAC.Workers.Emailjob"]
09:15:22.320 [debug] QUERY OK source="customers" db=1.1ms queue=0.1ms idle=1003.6ms
SELECT c0."id", c0."status", c0."email", c0."firstName", c0."lastName", c0."phoneNumber", c0."dateOfBirth", c0."idNumber", c0."inserted_at", c0."updated_at" FROM "customers" AS c0 WHERE (c0."email" = $1) ["amu1000@gmail.com"]
[90m↳ BAC.Workers.CreateCustomerV2WorkerPro.check_email/1, at: lib/bAC/workers/create_customer_v2_worker_pro.ex:56[0m
09:15:22.342 [info] oban-jobs, error, id: 22
09:15:22.342 [debug] [args: %{"customer" => %{"dateOfBirth" => "2000-10-22", "email" => "amu1000@gmail.com", "firstName" => "Hataluli", "idNumber" => "5811111121211", "lastName" => "Randima", "phoneNumber" => "0727941660"}}, attempt: 1, duration: 1029806, error: "** (Oban.PerformError) BAC.Workers.CreateCustomerV2WorkerPro failed with {:error, \"Email already exists.\"}", event: "job:exception", id: 22, max_attempts: 3, meta: %{"deps" => ["a"], "name" => "b", "recorded" => true, "workflow_id" => "018d3f79-2846-7357-8e17-95e521dd11bc"}, queue: "events", queue_time: 21879, source: "oban", state: :failure, tags: ["customer", "email"], worker: "BAC.Workers.CreateCustomerV2WorkerPro"]
09:15:22.361 [debug] [args: %{"body" => "You verification failedyour account amu1000@gmail.com and Email already exists. !!!", "subject" => "Account  registation failed", "to" => "amu1000@gmail.com"}, attempt: 1, event: "job:start", id: 25, max_attempts: 3, meta: %{"uniq_key" => 113472084}, queue: "events", source: "oban", system_time: 1706166922360927680, tags: ["customer", "email"], worker: "BAC.Workers.Emailjob"]
09:15:22.361 [info] Job id: 25 | Job attempted at: ~U[2024-01-25 07:15:22.356059Z]| Job state: "executing" | Job queue: "events" | amu1000@gmail.com | executing | 1
09:15:22.361 [debug] Sending email with Bamboo.LocalAdapter:

%Bamboo.Email{from: {nil, "bacsupport@gmail.com"}, to: [nil: "amu1000@gmail.com"], cc: [], bcc: [], subject: "Account  registation failed", html_body: nil, text_body: "You verification failedyour account amu1000@gmail.com and Email already exists. !!!", headers: %{}, attachments: [], assigns: %{}, private: %{}, blocked: false}

09:15:22.362 [debug] [args: %{"body" => "You verification failedyour account amu1000@gmail.com and Email already exists. !!!", "subject" => "Account  registation failed", "to" => "amu1000@gmail.com"}, attempt: 1, duration: 1082, event: "job:stop", id: 25, max_attempts: 3, meta: %{"uniq_key" => 113472084}, queue: "events", queue_time: 34427, source: "oban", state: :success, tags: ["customer", "email"], worker: "BAC.Workers.Emailjob"]
09:15:23.320 [debug] [args: %{"customer" => %{"dateOfBirth" => "2000-10-22", "email" => "amu1000@gmail.com", "firstName" => "Hataluli", "idNumber" => "5811111121211", "lastName" => "Randima", "phoneNumber" => "0727941660"}}, attempt: 1, duration: 2008367, event: "job:stop", id: 23, max_attempts: 3, meta: %{"deps" => ["b"], "name" => "c", "uniq_key" => 63018925, "workflow_id" => "018d3f79-2846-7357-8e17-95e521dd11bc"}, queue: "events", queue_time: 21879, source: "oban", state: :snoozed, tags: ["customer", "email"], worker: "BAC.Workers.EmailjobPro1"]
09:15:35.854 [debug] HANDLE EVENT "load-more" in Oban.Web.DashboardLive
  Component: Oban.Web.Jobs.TableComponent
  Parameters: %{"value" => ""}
09:15:35.854 [debug] Replied in 198µs
09:15:35.854 [debug] HANDLE PARAMS in Oban.Web.DashboardLive
  Parameters: %{"limit" => "40", "page" => "jobs", "state" => "completed"}
09:15:35.858 [debug] Replied in 3ms
09:15:41.005 [debug] [args: %{"customer" => %{"dateOfBirth" => "2000-10-22", "email" => "amu1000@gmail.com", "firstName" => "Hataluli", "idNumber" => "5811111121211", "lastName" => "Randima", "phoneNumber" => "0727941660"}}, attempt: 2, event: "job:start", id: 22, max_attempts: 3, meta: %{"deps" => ["a"], "name" => "b", "recorded" => true, "workflow_id" => "018d3f79-2846-7357-8e17-95e521dd11bc"}, queue: "events", source: "oban", system_time: 1706166941005542032, tags: ["customer", "email"], worker: "BAC.Workers.CreateCustomerV2WorkerPro"]
09:15:41.005 [debug] [args: %{"customer" => %{"dateOfBirth" => "2000-10-22", "email" => "amu1000@gmail.com", "firstName" => "Hataluli", "idNumber" => "5811111121211", "lastName" => "Randima", "phoneNumber" => "0727941660"}}, attempt: 1, event: "job:start", id: 23, max_attempts: 3, meta: %{"deps" => ["b"], "name" => "c", "snoozed" => 1, "uniq_key" => 63018925, "workflow_id" => "018d3f79-2846-7357-8e17-95e521dd11bc"}, queue: "events", source: "oban", system_time: 1706166941005681890, tags: ["customer", "email"], worker: "BAC.Workers.EmailjobPro1"]
09:15:41.008 [debug] QUERY OK source="customers" db=1.2ms idle=1245.7ms
SELECT c0."id", c0."status", c0."email", c0."firstName", c0."lastName", c0."phoneNumber", c0."dateOfBirth", c0."idNumber", c0."inserted_at", c0."updated_at" FROM "customers" AS c0 WHERE (c0."email" = $1) ["amu1000@gmail.com"]
[90m↳ BAC.Workers.CreateCustomerV2WorkerPro.check_email/1, at: lib/bAC/workers/create_customer_v2_worker_pro.ex:56[0m
09:15:41.012 [info] oban-jobs, error, id: 22
09:15:41.012 [debug] [args: %{"customer" => %{"dateOfBirth" => "2000-10-22", "email" => "amu1000@gmail.com", "firstName" => "Hataluli", "idNumber" => "5811111121211", "lastName" => "Randima", "phoneNumber" => "0727941660"}}, attempt: 2, duration: 6610, error: "** (Oban.PerformError) BAC.Workers.CreateCustomerV2WorkerPro failed with {:error, \"Email already exists.\"}", event: "job:exception", id: 22, max_attempts: 3, meta: %{"deps" => ["a"], "name" => "b", "recorded" => true, "workflow_id" => "018d3f79-2846-7357-8e17-95e521dd11bc"}, queue: "events", queue_time: 659428, source: "oban", state: :failure, tags: ["customer", "email"], worker: "BAC.Workers.CreateCustomerV2WorkerPro"]
09:15:42.014 [debug] [args: %{"customer" => %{"dateOfBirth" => "2000-10-22", "email" => "amu1000@gmail.com", "firstName" => "Hataluli", "idNumber" => "5811111121211", "lastName" => "Randima", "phoneNumber" => "0727941660"}}, attempt: 1, duration: 1008304, event: "job:stop", id: 23, max_attempts: 3, meta: %{"deps" => ["b"], "name" => "c", "snoozed" => 1, "uniq_key" => 63018925, "workflow_id" => "018d3f79-2846-7357-8e17-95e521dd11bc"}, queue: "events", queue_time: 680787, source: "oban", state: :snoozed, tags: ["customer", "email"], worker: "BAC.Workers.EmailjobPro1"]
09:16:01.120 [debug] [args: %{"customer" => %{"dateOfBirth" => "2000-10-22", "email" => "amu1000@gmail.com", "firstName" => "Hataluli", "idNumber" => "5811111121211", "lastName" => "Randima", "phoneNumber" => "0727941660"}}, attempt: 3, event: "job:start", id: 22, max_attempts: 3, meta: %{"deps" => ["a"], "name" => "b", "recorded" => true, "workflow_id" => "018d3f79-2846-7357-8e17-95e521dd11bc"}, queue: "events", source: "oban", system_time: 1706166961120665714, tags: ["customer", "email"], worker: "BAC.Workers.CreateCustomerV2WorkerPro"]
09:16:01.120 [debug] [args: %{"customer" => %{"dateOfBirth" => "2000-10-22", "email" => "amu1000@gmail.com", "firstName" => "Hataluli", "idNumber" => "5811111121211", "lastName" => "Randima", "phoneNumber" => "0727941660"}}, attempt: 1, event: "job:start", id: 23, max_attempts: 3, meta: %{"deps" => ["b"], "name" => "c", "snoozed" => 2, "uniq_key" => 63018925, "workflow_id" => "018d3f79-2846-7357-8e17-95e521dd11bc"}, queue: "events", source: "oban", system_time: 1706166961120737323, tags: ["customer", "email"], worker: "BAC.Workers.EmailjobPro1"]
09:16:01.122 [debug] QUERY OK source="customers" db=0.5ms idle=445.7ms
SELECT c0."id", c0."status", c0."email", c0."firstName", c0."lastName", c0."phoneNumber", c0."dateOfBirth", c0."idNumber", c0."inserted_at", c0."updated_at" FROM "customers" AS c0 WHERE (c0."email" = $1) ["amu1000@gmail.com"]
[90m↳ BAC.Workers.CreateCustomerV2WorkerPro.check_email/1, at: lib/bAC/workers/create_customer_v2_worker_pro.ex:56[0m
09:16:01.126 [info] oban-jobs, discard, id: 22
09:16:01.126 [debug] [args: %{"customer" => %{"dateOfBirth" => "2000-10-22", "email" => "amu1000@gmail.com", "firstName" => "Hataluli", "idNumber" => "5811111121211", "lastName" => "Randima", "phoneNumber" => "0727941660"}}, attempt: 3, duration: 5629, error: "** (Oban.PerformError) BAC.Workers.CreateCustomerV2WorkerPro failed with {:error, \"Email already exists.\"}", event: "job:exception", id: 22, max_attempts: 3, meta: %{"deps" => ["a"], "name" => "b", "recorded" => true, "workflow_id" => "018d3f79-2846-7357-8e17-95e521dd11bc"}, queue: "events", queue_time: 104392, source: "oban", state: :discard, tags: ["customer", "email"], worker: "BAC.Workers.CreateCustomerV2WorkerPro"]
09:16:02.124 [debug] [args: %{"customer" => %{"dateOfBirth" => "2000-10-22", "email" => "amu1000@gmail.com", "firstName" => "Hataluli", "idNumber" => "5811111121211", "lastName" => "Randima", "phoneNumber" => "0727941660"}}, attempt: 1, duration: 1003902, event: "job:stop", id: 23, max_attempts: 3, meta: %{"deps" => ["b"], "name" => "c", "snoozed" => 2, "uniq_key" => 63018925, "workflow_id" => "018d3f79-2846-7357-8e17-95e521dd11bc"}, queue: "events", queue_time: 102578, source: "oban", state: :cancelled, tags: ["customer", "email"], worker: "BAC.Workers.EmailjobPro1"]
09:16:03.162 [debug] HANDLE EVENT "pause-refresh" in Oban.Web.DashboardLive
  Component: Oban.Web.Live.Refresh
  Parameters: %{}
09:16:03.162 [debug] Replied in 191µs
09:16:03.163 [debug] HANDLE EVENT "pause-refresh" in Oban.Web.DashboardLive
  Component: Oban.Web.Live.Refresh
  Parameters: %{}
09:16:03.163 [debug] Replied in 161µs
